{
  message: 'Connected to the MongoDB server successfully',
  level: 'info',
  label: 'right meow!',
  timestamp: '2025-01-16 18:13:23'
}
{
  message: 'Example app listening on port 5000',
  level: 'info',
  label: 'right meow!',
  timestamp: '2025-01-16 18:13:23'
}
{
  message: 'Connected to the MongoDB server successfully',
  level: 'info',
  label: 'right meow!',
  timestamp: '2025-01-16 18:31:34'
}
{
  message: 'Example app listening on port 5000',
  level: 'info',
  label: 'right meow!',
  timestamp: '2025-01-16 18:31:34'
}
{
  message: 'Connected to the MongoDB server successfully',
  level: 'info',
  label: 'right meow!',
  timestamp: '2025-01-16 18:32:30'
}
{
  message: 'Example app listening on port 5000',
  level: 'info',
  label: 'right meow!',
  timestamp: '2025-01-16 18:32:30'
}
{
  message: 'Connected to the MongoDB server successfully',
  level: 'info',
  label: 'right meow!',
  timestamp: '2025-01-16 18:36:00'
}
{
  message: 'Example app listening on port 5000',
  level: 'info',
  label: 'right meow!',
  timestamp: '2025-01-16 18:36:00'
}
{
  message: 'Connected to the MongoDB server successfully',
  level: 'info',
  label: 'right meow!',
  timestamp: '2025-01-16 18:47:38'
}
{
  message: 'Example app listening on port 5000',
  level: 'info',
  label: 'right meow!',
  timestamp: '2025-01-16 18:47:38'
}
{
  message: 'Connected to the MongoDB server successfully',
  level: 'info',
  label: 'right meow!',
  timestamp: '2025-01-16 18:48:51'
}
{
  message: 'Example app listening on port 5000',
  level: 'info',
  label: 'right meow!',
  timestamp: '2025-01-16 18:48:51'
}
{
  message: 'Connected to the MongoDB server successfully',
  level: 'info',
  label: 'right meow!',
  timestamp: '2025-01-16 18:49:19'
}
{
  message: 'Example app listening on port 5000',
  level: 'info',
  label: 'right meow!',
  timestamp: '2025-01-16 18:49:19'
}
{
  message: 'Connected to the MongoDB server successfully',
  level: 'info',
  label: 'right meow!',
  timestamp: '2025-01-16 18:49:49'
}
{
  message: 'Example app listening on port 5000',
  level: 'info',
  label: 'right meow!',
  timestamp: '2025-01-16 18:49:49'
}
{
  message: 'Connected to the MongoDB server successfully',
  level: 'info',
  label: 'right meow!',
  timestamp: '2025-01-16 18:58:31'
}
{
  message: 'Example app listening on port 5000',
  level: 'info',
  label: 'right meow!',
  timestamp: '2025-01-16 18:58:31'
}
{
  message: 'Connected to the MongoDB server successfully',
  level: 'info',
  label: 'right meow!',
  timestamp: '2025-01-16 18:58:59'
}
{
  message: 'Example app listening on port 5000',
  level: 'info',
  label: 'right meow!',
  timestamp: '2025-01-16 18:58:59'
}
