{
  message: 'Connected to the MongoDB server successfully',
  level: 'info',
  label: 'right meow!',
  timestamp: '2025-01-25 21:32:30'
}
{
  message: 'Example app listening on port 5000',
  level: 'info',
  label: 'right meow!',
  timestamp: '2025-01-25 21:32:30'
}
{
  message: 'Connected to the MongoDB server successfully',
  level: 'info',
  label: 'right meow!',
  timestamp: '2025-01-25 21:56:27'
}
{
  message: 'Example app listening on port 5000',
  level: 'info',
  label: 'right meow!',
  timestamp: '2025-01-25 21:56:27'
}
