{
  message: 'Connected to the MongoDB server successfully',
  level: 'info',
  label: 'right meow!',
  timestamp: '2025-01-11 09:32:26'
}
{
  message: 'Example app listening on port 5000',
  level: 'info',
  label: 'right meow!',
  timestamp: '2025-01-11 09:32:26'
}
{
  message: 'Connected to the MongoDB server successfully',
  level: 'info',
  label: 'right meow!',
  timestamp: '2025-01-11 09:35:41'
}
{
  message: 'Example app listening on port 5000',
  level: 'info',
  label: 'right meow!',
  timestamp: '2025-01-11 09:35:41'
}
{
  message: 'Connected to the MongoDB server successfully',
  level: 'info',
  label: 'right meow!',
  timestamp: '2025-01-11 09:38:19'
}
{
  message: 'Example app listening on port 5000',
  level: 'info',
  label: 'right meow!',
  timestamp: '2025-01-11 09:38:19'
}
{
  message: 'Connected to the MongoDB server successfully',
  level: 'info',
  label: 'right meow!',
  timestamp: '2025-01-11 09:41:29'
}
{
  message: 'Example app listening on port 5000',
  level: 'info',
  label: 'right meow!',
  timestamp: '2025-01-11 09:41:29'
}
{
  message: 'Connected to the MongoDB server successfully',
  level: 'info',
  label: 'right meow!',
  timestamp: '2025-01-11 09:51:06'
}
{
  message: 'Example app listening on port 5000',
  level: 'info',
  label: 'right meow!',
  timestamp: '2025-01-11 09:51:06'
}
{
  message: 'Connected to the MongoDB server successfully',
  level: 'info',
  label: 'right meow!',
  timestamp: '2025-01-11 09:57:03'
}
{
  message: 'Example app listening on port 5000',
  level: 'info',
  label: 'right meow!',
  timestamp: '2025-01-11 09:57:03'
}
{
  message: 'Connected to the MongoDB server successfully',
  level: 'info',
  label: 'right meow!',
  timestamp: '2025-01-11 09:59:26'
}
{
  message: 'Example app listening on port 5000',
  level: 'info',
  label: 'right meow!',
  timestamp: '2025-01-11 09:59:26'
}
