{
  message: 'Connected to the MongoDB server successfully',
  level: 'info',
  label: 'right meow!',
  timestamp: '2025-01-11 19:06:33'
}
{
  message: 'Example app listening on port 5000',
  level: 'info',
  label: 'right meow!',
  timestamp: '2025-01-11 19:06:33'
}
{
  message: 'Connected to the MongoDB server successfully',
  level: 'info',
  label: 'right meow!',
  timestamp: '2025-01-11 19:10:45'
}
{
  message: 'Example app listening on port 5000',
  level: 'info',
  label: 'right meow!',
  timestamp: '2025-01-11 19:10:45'
}
{
  message: 'Connected to the MongoDB server successfully',
  level: 'info',
  label: 'right meow!',
  timestamp: '2025-01-11 19:13:07'
}
{
  message: 'Example app listening on port 5000',
  level: 'info',
  label: 'right meow!',
  timestamp: '2025-01-11 19:13:07'
}
