{
  message: 'Connected to the MongoDB server successfully',
  level: 'info',
  label: 'right meow!',
  timestamp: '2025-01-11 18:44:48'
}
{
  message: 'Example app listening on port 5000',
  level: 'info',
  label: 'right meow!',
  timestamp: '2025-01-11 18:44:48'
}
{
  message: 'Connected to the MongoDB server successfully',
  level: 'info',
  label: 'right meow!',
  timestamp: '2025-01-11 18:48:43'
}
{
  message: 'Example app listening on port 5000',
  level: 'info',
  label: 'right meow!',
  timestamp: '2025-01-11 18:48:43'
}
{
  message: 'Connected to the MongoDB server successfully',
  level: 'info',
  label: 'right meow!',
  timestamp: '2025-01-11 18:49:31'
}
{
  message: 'Example app listening on port 5000',
  level: 'info',
  label: 'right meow!',
  timestamp: '2025-01-11 18:49:31'
}
{
  message: 'Connected to the MongoDB server successfully',
  level: 'info',
  label: 'right meow!',
  timestamp: '2025-01-11 18:53:24'
}
{
  message: 'Example app listening on port 5000',
  level: 'info',
  label: 'right meow!',
  timestamp: '2025-01-11 18:53:24'
}
