{
  errors: {
    role: ValidatorError: Path `role` is required.
        at validate (C:\Projects\Next level -2\university-managemant-auth-service\node_modules\mongoose\lib\schemaType.js:1385:13)
        at SchemaString.SchemaType.doValidate (C:\Projects\Next level -2\university-managemant-auth-service\node_modules\mongoose\lib\schemaType.js:1369:7)
        at C:\Projects\Next level -2\university-managemant-auth-service\node_modules\mongoose\lib\document.js:3071:18
        at processTicksAndRejections (node:internal/process/task_queues:77:11) {
      properties: {
        validator: [Function (anonymous)],
        message: 'Path `role` is required.',
        type: 'required',
        path: 'role',
        fullPath: undefined,
        value: undefined
      },
      kind: 'required',
      path: 'role',
      value: undefined,
      reason: undefined,
      [Symbol(mongoose#validatorError)]: true
    }
  },
  _message: 'User validation failed',
  level: 'error',
  message: 'Error creating user User validation failed: role: Path `role` is required.',
  stack: 'ValidationError: User validation failed: role: Path `role` is required.\n' +
    '    at model.Document.invalidate (C:\\Projects\\Next level -2\\university-managemant-auth-service\\node_modules\\mongoose\\lib\\document.js:3318:32)\n' +
    '    at C:\\Projects\\Next level -2\\university-managemant-auth-service\\node_modules\\mongoose\\lib\\document.js:3079:17\n' +
    '    at C:\\Projects\\Next level -2\\university-managemant-auth-service\\node_modules\\mongoose\\lib\\schemaType.js:1388:9\n' +
    '    at processTicksAndRejections (node:internal/process/task_queues:77:11)',
  label: 'right meow!',
  timestamp: '2025-01-11 09:35:49'
}
