{
  issues: [
    {
      code: 'invalid_type',
      expected: 'string',
      received: 'undefined',
      path: [ 'cookies', 'refreshToken' ],
      message: 'Refresh Token is required'
    }
  ],
  addIssue: [Function (anonymous)],
  addIssues: [Function (anonymous)],
  name: 'ZodError',
  level: 'error',
  message: 'Error creating user [\n' +
    '  {\n' +
    '    "code": "invalid_type",\n' +
    '    "expected": "string",\n' +
    '    "received": "undefined",\n' +
    '    "path": [\n' +
    '      "cookies",\n' +
    '      "refreshToken"\n' +
    '    ],\n' +
    '    "message": "Refresh Token is required"\n' +
    '  }\n' +
    ']',
  stack: 'ZodError: [\n' +
    '  {\n' +
    '    "code": "invalid_type",\n' +
    '    "expected": "string",\n' +
    '    "received": "undefined",\n' +
    '    "path": [\n' +
    '      "cookies",\n' +
    '      "refreshToken"\n' +
    '    ],\n' +
    '    "message": "Refresh Token is required"\n' +
    '  }\n' +
    ']\n' +
    '    at Object.get error [as error] (C:\\Projects\\Next level -2\\university-managemant-auth-service\\node_modules\\zod\\lib\\types.js:55:31)\n' +
    '    at ZodObject.parseAsync (C:\\Projects\\Next level -2\\university-managemant-auth-service\\node_modules\\zod\\lib\\types.js:196:22)\n' +
    '    at processTicksAndRejections (node:internal/process/task_queues:95:5)',
  label: 'right meow!',
  timestamp: '2025-02-07 11:22:39'
}
{
  errno: undefined,
  code: 'ECONNREFUSED',
  syscall: 'querySrv',
  hostname: '_mongodb._tcp.cluster0.jp5aibk.mongodb.net',
  level: 'error',
  message: 'Failed to connect to the MongoDB server querySrv ECONNREFUSED _mongodb._tcp.cluster0.jp5aibk.mongodb.net',
  stack: 'Error: querySrv ECONNREFUSED _mongodb._tcp.cluster0.jp5aibk.mongodb.net\n' +
    '    at QueryReqWrap.onresolve [as oncomplete] (node:internal/dns/promises:291:17)',
  label: 'right meow!',
  timestamp: '2025-02-07 11:25:33'
}
{
  errno: undefined,
  code: 'ECONNREFUSED',
  syscall: 'querySrv',
  hostname: '_mongodb._tcp.cluster0.jp5aibk.mongodb.net',
  level: 'error',
  message: 'Failed to connect to the MongoDB server querySrv ECONNREFUSED _mongodb._tcp.cluster0.jp5aibk.mongodb.net',
  stack: 'Error: querySrv ECONNREFUSED _mongodb._tcp.cluster0.jp5aibk.mongodb.net\n' +
    '    at QueryReqWrap.onresolve [as oncomplete] (node:internal/dns/promises:291:17)',
  label: 'right meow!',
  timestamp: '2025-02-07 11:25:45'
}
{
  errno: undefined,
  code: 'ECONNREFUSED',
  syscall: 'querySrv',
  hostname: '_mongodb._tcp.cluster0.jp5aibk.mongodb.net',
  level: 'error',
  message: 'Failed to connect to the MongoDB server querySrv ECONNREFUSED _mongodb._tcp.cluster0.jp5aibk.mongodb.net',
  stack: 'Error: querySrv ECONNREFUSED _mongodb._tcp.cluster0.jp5aibk.mongodb.net\n' +
    '    at QueryReqWrap.onresolve [as oncomplete] (node:internal/dns/promises:291:17)',
  label: 'right meow!',
  timestamp: '2025-02-07 11:28:34'
}
{
  errno: undefined,
  code: 'ECONNREFUSED',
  syscall: 'querySrv',
  hostname: '_mongodb._tcp.cluster0.jp5aibk.mongodb.net',
  level: 'error',
  message: 'Failed to connect to the MongoDB server querySrv ECONNREFUSED _mongodb._tcp.cluster0.jp5aibk.mongodb.net',
  stack: 'Error: querySrv ECONNREFUSED _mongodb._tcp.cluster0.jp5aibk.mongodb.net\n' +
    '    at QueryReqWrap.onresolve [as oncomplete] (node:internal/dns/promises:291:17)',
  label: 'right meow!',
  timestamp: '2025-02-07 11:29:39'
}
