{
  issues: [
    {
      code: 'invalid_type',
      expected: 'object',
      received: 'undefined',
      path: [ 'body', 'admin' ],
      message: 'Required'
    }
  ],
  addIssue: [Function (anonymous)],
  addIssues: [Function (anonymous)],
  name: 'ZodError',
  level: 'error',
  message: 'Error creating user [\n' +
    '  {\n' +
    '    "code": "invalid_type",\n' +
    '    "expected": "object",\n' +
    '    "received": "undefined",\n' +
    '    "path": [\n' +
    '      "body",\n' +
    '      "admin"\n' +
    '    ],\n' +
    '    "message": "Required"\n' +
    '  }\n' +
    ']',
  stack: 'ZodError: [\n' +
    '  {\n' +
    '    "code": "invalid_type",\n' +
    '    "expected": "object",\n' +
    '    "received": "undefined",\n' +
    '    "path": [\n' +
    '      "body",\n' +
    '      "admin"\n' +
    '    ],\n' +
    '    "message": "Required"\n' +
    '  }\n' +
    ']\n' +
    '    at Object.get error [as error] (C:\\Projects\\Next level -2\\university-managemant-auth-service\\node_modules\\zod\\lib\\types.js:55:31)\n' +
    '    at ZodObject.parseAsync (C:\\Projects\\Next level -2\\university-managemant-auth-service\\node_modules\\zod\\lib\\types.js:196:22)\n' +
    '    at processTicksAndRejections (node:internal/process/task_queues:95:5)',
  label: 'right meow!',
  timestamp: '2025-01-26 22:25:36'
}
{
  issues: [
    {
      received: 'male',
      code: 'invalid_enum_value',
      options: [ 'Male', 'Female', 'Other' ],
      path: [ 'body', 'admin', 'gender' ],
      message: "Invalid enum value. Expected 'Male' | 'Female' | 'Other', received 'male'"
    }
  ],
  addIssue: [Function (anonymous)],
  addIssues: [Function (anonymous)],
  name: 'ZodError',
  level: 'error',
  message: 'Error creating user [\n' +
    '  {\n' +
    '    "received": "male",\n' +
    '    "code": "invalid_enum_value",\n' +
    '    "options": [\n' +
    '      "Male",\n' +
    '      "Female",\n' +
    '      "Other"\n' +
    '    ],\n' +
    '    "path": [\n' +
    '      "body",\n' +
    '      "admin",\n' +
    '      "gender"\n' +
    '    ],\n' +
    `    "message": "Invalid enum value. Expected 'Male' | 'Female' | 'Other', received 'male'"\n` +
    '  }\n' +
    ']',
  stack: 'ZodError: [\n' +
    '  {\n' +
    '    "received": "male",\n' +
    '    "code": "invalid_enum_value",\n' +
    '    "options": [\n' +
    '      "Male",\n' +
    '      "Female",\n' +
    '      "Other"\n' +
    '    ],\n' +
    '    "path": [\n' +
    '      "body",\n' +
    '      "admin",\n' +
    '      "gender"\n' +
    '    ],\n' +
    `    "message": "Invalid enum value. Expected 'Male' | 'Female' | 'Other', received 'male'"\n` +
    '  }\n' +
    ']\n' +
    '    at Object.get error [as error] (C:\\Projects\\Next level -2\\university-managemant-auth-service\\node_modules\\zod\\lib\\types.js:55:31)\n' +
    '    at ZodObject.parseAsync (C:\\Projects\\Next level -2\\university-managemant-auth-service\\node_modules\\zod\\lib\\types.js:196:22)\n' +
    '    at processTicksAndRejections (node:internal/process/task_queues:95:5)',
  label: 'right meow!',
  timestamp: '2025-01-26 22:27:48'
}
