{
  issues: [
    {
      expected: "'01' | '02' | '03'",
      received: 'undefined',
      code: 'invalid_type',
      path: [ 'body', 'code' ],
      message: 'Semester code is required'
    }
  ],
  addIssue: [Function (anonymous)],
  addIssues: [Function (anonymous)],
  name: 'ZodError',
  level: 'error',
  message: 'Error creating user [\n' +
    '  {\n' +
    `    "expected": "'01' | '02' | '03'",\n` +
    '    "received": "undefined",\n' +
    '    "code": "invalid_type",\n' +
    '    "path": [\n' +
    '      "body",\n' +
    '      "code"\n' +
    '    ],\n' +
    '    "message": "Semester code is required"\n' +
    '  }\n' +
    ']',
  stack: 'ZodError: [\n' +
    '  {\n' +
    `    "expected": "'01' | '02' | '03'",\n` +
    '    "received": "undefined",\n' +
    '    "code": "invalid_type",\n' +
    '    "path": [\n' +
    '      "body",\n' +
    '      "code"\n' +
    '    ],\n' +
    '    "message": "Semester code is required"\n' +
    '  }\n' +
    ']\n' +
    '    at Object.get error [as error] (C:\\Projects\\Next level -2\\university-managemant-auth-service\\node_modules\\zod\\lib\\types.js:55:31)\n' +
    '    at ZodObject.parseAsync (C:\\Projects\\Next level -2\\university-managemant-auth-service\\node_modules\\zod\\lib\\types.js:196:22)\n' +
    '    at processTicksAndRejections (node:internal/process/task_queues:95:5)',
  label: 'right meow!',
  timestamp: '2025-01-13 12:43:05'
}
{
  issues: [
    {
      expected: "'01' | '02' | '03'",
      received: 'undefined',
      code: 'invalid_type',
      path: [ 'body', 'code' ],
      message: 'Semester code is required'
    }
  ],
  addIssue: [Function (anonymous)],
  addIssues: [Function (anonymous)],
  name: 'ZodError',
  level: 'error',
  message: 'Error creating user [\n' +
    '  {\n' +
    `    "expected": "'01' | '02' | '03'",\n` +
    '    "received": "undefined",\n' +
    '    "code": "invalid_type",\n' +
    '    "path": [\n' +
    '      "body",\n' +
    '      "code"\n' +
    '    ],\n' +
    '    "message": "Semester code is required"\n' +
    '  }\n' +
    ']',
  stack: 'ZodError: [\n' +
    '  {\n' +
    `    "expected": "'01' | '02' | '03'",\n` +
    '    "received": "undefined",\n' +
    '    "code": "invalid_type",\n' +
    '    "path": [\n' +
    '      "body",\n' +
    '      "code"\n' +
    '    ],\n' +
    '    "message": "Semester code is required"\n' +
    '  }\n' +
    ']\n' +
    '    at Object.get error [as error] (C:\\Projects\\Next level -2\\university-managemant-auth-service\\node_modules\\zod\\lib\\types.js:55:31)\n' +
    '    at ZodObject.parseAsync (C:\\Projects\\Next level -2\\university-managemant-auth-service\\node_modules\\zod\\lib\\types.js:196:22)\n' +
    '    at processTicksAndRejections (node:internal/process/task_queues:95:5)',
  label: 'right meow!',
  timestamp: '2025-01-13 12:44:42'
}
{
  issues: [
    {
      expected: "'01' | '02' | '03'",
      received: 'undefined',
      code: 'invalid_type',
      path: [ 'body', 'code' ],
      message: 'Semester code is required'
    }
  ],
  addIssue: [Function (anonymous)],
  addIssues: [Function (anonymous)],
  name: 'ZodError',
  level: 'error',
  message: 'Error creating user [\n' +
    '  {\n' +
    `    "expected": "'01' | '02' | '03'",\n` +
    '    "received": "undefined",\n' +
    '    "code": "invalid_type",\n' +
    '    "path": [\n' +
    '      "body",\n' +
    '      "code"\n' +
    '    ],\n' +
    '    "message": "Semester code is required"\n' +
    '  }\n' +
    ']',
  stack: 'ZodError: [\n' +
    '  {\n' +
    `    "expected": "'01' | '02' | '03'",\n` +
    '    "received": "undefined",\n' +
    '    "code": "invalid_type",\n' +
    '    "path": [\n' +
    '      "body",\n' +
    '      "code"\n' +
    '    ],\n' +
    '    "message": "Semester code is required"\n' +
    '  }\n' +
    ']\n' +
    '    at Object.get error [as error] (C:\\Projects\\Next level -2\\university-managemant-auth-service\\node_modules\\zod\\lib\\types.js:55:31)\n' +
    '    at ZodObject.parseAsync (C:\\Projects\\Next level -2\\university-managemant-auth-service\\node_modules\\zod\\lib\\types.js:196:22)\n' +
    '    at processTicksAndRejections (node:internal/process/task_queues:95:5)',
  label: 'right meow!',
  timestamp: '2025-01-13 12:45:21'
}
